<?xml version="1.0" encoding="UTF-8"?>
<testng-results ignored="4" total="7" passed="2" failed="1" skipped="0">
  <reporter-output>
  </reporter-output>
  <suite started-at="2022-12-27T17:40:25 IST" name="Suite" finished-at="2022-12-27T17:41:22 IST" duration-ms="56851">
    <groups>
    </groups>
    <test started-at="2022-12-27T17:40:25 IST" name="Test" finished-at="2022-12-27T17:41:22 IST" duration-ms="56851">
      <class name="com.obs.tests.VerifyDepositAmount">
        <test-method is-config="true" signature="launch(java.lang.String,java.lang.reflect.Method)[pri:0, instance:com.obs.tests.VerifyDepositAmount@3b0fe47a]" started-at="2022-12-27T17:40:57 IST" name="launch" finished-at="2022-12-27T17:41:00 IST" duration-ms="2194" status="PASS">
          <params>
            <param index="0">
              <value>
                <![CDATA[Chrome]]>
              </value>
            </param>
            <param index="1">
              <value>
                <![CDATA[public void com.obs.tests.VerifyDepositAmount.verifyDepositAmount() throws java.io.IOException,java.lang.InterruptedException]]>
              </value>
            </param>
          </params>
          <reporter-output>
          </reporter-output>
        </test-method> <!-- launch -->
        <test-method signature="verifyDepositAmount()[pri:0, instance:com.obs.tests.VerifyDepositAmount@3b0fe47a]" started-at="2022-12-27T17:41:00 IST" name="verifyDepositAmount" finished-at="2022-12-27T17:41:21 IST" duration-ms="21659" status="FAIL">
          <exception class="java.lang.AssertionError">
            <message>
              <![CDATA[Deposit is not working expected [true] but found [false]]]>
            </message>
            <full-stacktrace>
              <![CDATA[java.lang.AssertionError: Deposit is not working expected [true] but found [false]
at org.testng.Assert.fail(Assert.java:110)
at org.testng.Assert.failNotEquals(Assert.java:1413)
at org.testng.Assert.assertTrue(Assert.java:56)
at com.obs.pages.UserHomePage.verifyAmount(UserHomePage.java:78)
at com.obs.tests.VerifyDepositAmount.verifyDepositAmount(VerifyDepositAmount.java:78)
at java.base/jdk.internal.reflect.DirectMethodHandleAccessor.invoke(DirectMethodHandleAccessor.java:104)
at java.base/java.lang.reflect.Method.invoke(Method.java:577)
at org.testng.internal.invokers.MethodInvocationHelper.invokeMethod(MethodInvocationHelper.java:139)
at org.testng.internal.invokers.TestInvoker.invokeMethod(TestInvoker.java:677)
at org.testng.internal.invokers.TestInvoker.invokeTestMethod(TestInvoker.java:221)
at org.testng.internal.invokers.MethodRunner.runInSequence(MethodRunner.java:50)
at org.testng.internal.invokers.TestInvoker$MethodInvocationAgent.invoke(TestInvoker.java:969)
at org.testng.internal.invokers.TestInvoker.invokeTestMethods(TestInvoker.java:194)
at org.testng.internal.invokers.TestMethodWorker.invokeTestMethods(TestMethodWorker.java:148)
at org.testng.internal.invokers.TestMethodWorker.run(TestMethodWorker.java:128)
at java.base/java.util.ArrayList.forEach(ArrayList.java:1511)
at org.testng.TestRunner.privateRun(TestRunner.java:829)
at org.testng.TestRunner.run(TestRunner.java:602)
at org.testng.SuiteRunner.runTest(SuiteRunner.java:437)
at org.testng.SuiteRunner.runSequentially(SuiteRunner.java:431)
at org.testng.SuiteRunner.privateRun(SuiteRunner.java:391)
at org.testng.SuiteRunner.run(SuiteRunner.java:330)
at org.testng.SuiteRunnerWorker.runSuite(SuiteRunnerWorker.java:52)
at org.testng.SuiteRunnerWorker.run(SuiteRunnerWorker.java:95)
at org.testng.TestNG.runSuitesSequentially(TestNG.java:1256)
at org.testng.TestNG.runSuitesLocally(TestNG.java:1176)
at org.testng.TestNG.runSuites(TestNG.java:1099)
at org.testng.TestNG.run(TestNG.java:1067)
at org.testng.remote.AbstractRemoteTestNG.run(AbstractRemoteTestNG.java:115)
at org.testng.remote.RemoteTestNG.initAndRun(RemoteTestNG.java:251)
at org.testng.remote.RemoteTestNG.main(RemoteTestNG.java:77)
]]>
            </full-stacktrace>
          </exception> <!-- java.lang.AssertionError -->
          <reporter-output>
          </reporter-output>
        </test-method> <!-- verifyDepositAmount -->
        <test-method is-config="true" signature="closeBrowser(org.testng.ITestResult)[pri:0, instance:com.obs.tests.VerifyDepositAmount@3b0fe47a]" started-at="2022-12-27T17:41:22 IST" name="closeBrowser" finished-at="2022-12-27T17:41:22 IST" duration-ms="134" status="PASS">
          <params>
            <param index="0">
              <value>
                <![CDATA[[TestResult name=verifyDepositAmount status=FAILURE method=VerifyDepositAmount.verifyDepositAmount()[pri:0, instance:com.obs.tests.VerifyDepositAmount@3b0fe47a] output={null}]]]>
              </value>
            </param>
          </params>
          <reporter-output>
          </reporter-output>
        </test-method> <!-- closeBrowser -->
      </class> <!-- com.obs.tests.VerifyDepositAmount -->
      <class name="com.obs.tests.LoginTest">
        <test-method is-config="true" signature="initialyeReport()[pri:0, instance:com.obs.tests.LoginTest@2af004b]" started-at="2022-12-27T17:40:24 IST" name="initialyeReport" finished-at="2022-12-27T17:40:25 IST" duration-ms="333" status="PASS">
          <reporter-output>
          </reporter-output>
        </test-method> <!-- initialyeReport -->
        <test-method is-config="true" signature="launch(java.lang.String,java.lang.reflect.Method)[pri:0, instance:com.obs.tests.LoginTest@2af004b]" started-at="2022-12-27T17:40:25 IST" name="launch" finished-at="2022-12-27T17:40:27 IST" duration-ms="2522" status="PASS">
          <params>
            <param index="0">
              <value>
                <![CDATA[Chrome]]>
              </value>
            </param>
            <param index="1">
              <value>
                <![CDATA[public void com.obs.tests.LoginTest.verifyLogin() throws java.io.IOException,java.lang.InterruptedException]]>
              </value>
            </param>
          </params>
          <reporter-output>
          </reporter-output>
        </test-method> <!-- launch -->
        <test-method signature="verifyLogin()[pri:0, instance:com.obs.tests.LoginTest@2af004b]" started-at="2022-12-27T17:40:27 IST" name="verifyLogin" finished-at="2022-12-27T17:40:37 IST" duration-ms="9660" status="PASS">
          <reporter-output>
          </reporter-output>
        </test-method> <!-- verifyLogin -->
        <test-method is-config="true" signature="closeBrowser(org.testng.ITestResult)[pri:0, instance:com.obs.tests.LoginTest@2af004b]" started-at="2022-12-27T17:40:37 IST" name="closeBrowser" finished-at="2022-12-27T17:40:37 IST" duration-ms="281" status="PASS">
          <params>
            <param index="0">
              <value>
                <![CDATA[[TestResult name=verifyLogin status=SUCCESS method=LoginTest.verifyLogin()[pri:0, instance:com.obs.tests.LoginTest@2af004b] output={null}]]]>
              </value>
            </param>
          </params>
          <reporter-output>
          </reporter-output>
        </test-method> <!-- closeBrowser -->
        <test-method is-config="true" signature="cleanup()[pri:0, instance:com.obs.tests.LoginTest@2af004b]" started-at="2022-12-27T17:41:22 IST" name="cleanup" finished-at="2022-12-27T17:41:22 IST" duration-ms="639" status="PASS">
          <reporter-output>
          </reporter-output>
        </test-method> <!-- cleanup -->
      </class> <!-- com.obs.tests.LoginTest -->
      <class name="com.obs.tests.VerifyUserLogin">
        <test-method is-config="true" signature="launch(java.lang.String,java.lang.reflect.Method)[pri:0, instance:com.obs.tests.VerifyUserLogin@7ef82753]" started-at="2022-12-27T17:40:37 IST" name="launch" finished-at="2022-12-27T17:40:41 IST" duration-ms="3768" status="PASS">
          <params>
            <param index="0">
              <value>
                <![CDATA[Chrome]]>
              </value>
            </param>
            <param index="1">
              <value>
                <![CDATA[public void com.obs.tests.VerifyUserLogin.verifyUserLogin() throws java.io.IOException,java.lang.InterruptedException]]>
              </value>
            </param>
          </params>
          <reporter-output>
          </reporter-output>
        </test-method> <!-- launch -->
        <test-method signature="verifyUserLogin()[pri:0, instance:com.obs.tests.VerifyUserLogin@7ef82753]" started-at="2022-12-27T17:40:41 IST" name="verifyUserLogin" finished-at="2022-12-27T17:40:57 IST" duration-ms="16203" status="PASS">
          <reporter-output>
          </reporter-output>
        </test-method> <!-- verifyUserLogin -->
        <test-method is-config="true" signature="closeBrowser(org.testng.ITestResult)[pri:0, instance:com.obs.tests.VerifyUserLogin@7ef82753]" started-at="2022-12-27T17:40:57 IST" name="closeBrowser" finished-at="2022-12-27T17:40:57 IST" duration-ms="120" status="PASS">
          <params>
            <param index="0">
              <value>
                <![CDATA[[TestResult name=verifyUserLogin status=SUCCESS method=VerifyUserLogin.verifyUserLogin()[pri:0, instance:com.obs.tests.VerifyUserLogin@7ef82753] output={null}]]]>
              </value>
            </param>
          </params>
          <reporter-output>
          </reporter-output>
        </test-method> <!-- closeBrowser -->
      </class> <!-- com.obs.tests.VerifyUserLogin -->
    </test> <!-- Test -->
  </suite> <!-- Suite -->
</testng-results>
